{
  "RSpec": {
    "coverage": {
      "D:/TALLER DE GRADO/PROYECTO DE GRADO Oficial - copia/servicioweb/spec/controllers/comentario_controller_spec.rb": [
        1,
        null,
        1,
        null,
        1,
        null,
        1,
        1,
        1,
        1,
        1,
        1,
        1,
        1,
        1,
        1,
        1,
        null,
        1,
        null,
        null,
        null,
        1,
        1,
        1,
        1,
        1,
        1,
        1,
        1,
        1,
        1,
        1,
        1,
        null,
        1,
        1,
        1,
        1,
        null,
        1,
        null,
        null,
        null,
        null,
        null,
        null,
        1,
        null,
        1,
        1,
        1,
        1,
        1,
        1,
        1,
        1,
        1,
        1,
        1,
        1,
        1,
        1,
        1,
        1,
        1,
        1,
        null,
        1,
        null,
        null,
        null,
        1,
        1,
        1,
        1,
        1,
        1,
        1,
        1,
        1,
        1,
        1,
        1,
        1,
        1,
        1,
        1,
        1,
        1,
        1,
        null,
        1,
        1,
        1,
        1,
        null,
        1,
        null,
        null,
        null,
        null,
        null,
        null
      ],
      "D:/TALLER DE GRADO/PROYECTO DE GRADO Oficial - copia/servicioweb/spec/rails_helper.rb": [
        null,
        1,
        1,
        null,
        1,
        1,
        1,
        1,
        null,
        null,
        null,
        null,
        null,
        null,
        null,
        null,
        null,
        null,
        null,
        null,
        null,
        null,
        null,
        null,
        null,
        null,
        null,
        1,
        null,
        1,
        null,
        1,
        null,
        null,
        null,
        null,
        1,
        null,
        null,
        null,
        null,
        null,
        null,
        null,
        null,
        null,
        null,
        null,
        null,
        null,
        null,
        1,
        null
      ],
      "D:/TALLER DE GRADO/PROYECTO DE GRADO Oficial - copia/servicioweb/config/environment.rb": [
        null,
        1,
        null,
        null,
        1
      ],
      "D:/TALLER DE GRADO/PROYECTO DE GRADO Oficial - copia/servicioweb/config/application.rb": [
        1,
        null,
        1,
        null,
        null,
        null,
        1,
        null,
        1,
        1,
        null,
        null,
        null,
        null,
        null,
        null,
        null,
        null,
        null,
        null,
        null,
        null,
        null,
        1,
        null,
        null
      ],
      "D:/TALLER DE GRADO/PROYECTO DE GRADO Oficial - copia/servicioweb/config/boot.rb": [
        1,
        null,
        1
      ],
      "D:/TALLER DE GRADO/PROYECTO DE GRADO Oficial - copia/servicioweb/config/environments/test.rb": [
        1,
        null,
        null,
        null,
        null,
        null,
        null,
        1,
        null,
        null,
        null,
        null,
        1,
        null,
        null,
        1,
        1,
        null,
        null,
        1,
        1,
        null,
        null,
        1,
        null,
        null,
        1,
        null,
        null,
        null,
        null,
        1,
        null,
        null,
        1,
        null,
        null,
        1,
        null,
        null,
        null,
        null
      ],
      "D:/TALLER DE GRADO/PROYECTO DE GRADO Oficial - copia/servicioweb/config/initializers/assets.rb": [
        null,
        null,
        null,
        1,
        null,
        null,
        null,
        null,
        null,
        null,
        null
      ],
      "D:/TALLER DE GRADO/PROYECTO DE GRADO Oficial - copia/servicioweb/config/initializers/backtrace_silencers.rb": [
        null,
        null,
        null,
        null,
        null,
        null,
        null
      ],
      "D:/TALLER DE GRADO/PROYECTO DE GRADO Oficial - copia/servicioweb/config/initializers/cookies_serializer.rb": [
        null,
        null,
        1
      ],
      "D:/TALLER DE GRADO/PROYECTO DE GRADO Oficial - copia/servicioweb/config/initializers/filter_parameter_logging.rb": [
        null,
        null,
        null,
        1
      ],
      "D:/TALLER DE GRADO/PROYECTO DE GRADO Oficial - copia/servicioweb/config/initializers/inflections.rb": [
        null,
        null,
        null,
        null,
        null,
        null,
        null,
        null,
        null,
        null,
        null,
        null,
        null,
        null,
        null,
        null
      ],
      "D:/TALLER DE GRADO/PROYECTO DE GRADO Oficial - copia/servicioweb/config/initializers/mime_types.rb": [
        null,
        null,
        null,
        null
      ],
      "D:/TALLER DE GRADO/PROYECTO DE GRADO Oficial - copia/servicioweb/config/initializers/session_store.rb": [
        null,
        null,
        1
      ],
      "D:/TALLER DE GRADO/PROYECTO DE GRADO Oficial - copia/servicioweb/config/initializers/sorcery.rb": [
        null,
        null,
        null,
        null,
        1,
        null,
        null,
        1,
        null,
        null,
        null,
        null,
        null,
        null,
        null,
        null,
        null,
        null,
        null,
        null,
        null,
        null,
        null,
        null,
        null,
        null,
        null,
        null,
        null,
        null,
        null,
        null,
        null,
        null,
        null,
        null,
        null,
        null,
        null,
        null,
        null,
        null,
        null,
        null,
        null,
        null,
        null,
        null,
        null,
        null,
        null,
        null,
        null,
        null,
        null,
        null,
        null,
        null,
        null,
        null,
        null,
        null,
        null,
        null,
        null,
        null,
        null,
        null,
        null,
        null,
        null,
        null,
        null,
        null,
        null,
        null,
        null,
        null,
        null,
        null,
        null,
        null,
        null,
        null,
        null,
        null,
        null,
        null,
        null,
        null,
        null,
        null,
        null,
        null,
        null,
        null,
        null,
        null,
        null,
        null,
        null,
        null,
        null,
        null,
        null,
        null,
        null,
        null,
        null,
        null,
        null,
        null,
        null,
        null,
        null,
        null,
        null,
        null,
        null,
        null,
        null,
        null,
        null,
        null,
        null,
        null,
        null,
        null,
        null,
        null,
        null,
        null,
        null,
        null,
        null,
        null,
        null,
        null,
        null,
        null,
        null,
        null,
        null,
        null,
        null,
        null,
        null,
        null,
        null,
        null,
        null,
        null,
        null,
        null,
        null,
        null,
        null,
        null,
        null,
        null,
        null,
        null,
        null,
        null,
        null,
        null,
        null,
        null,
        null,
        null,
        null,
        null,
        null,
        null,
        1,
        null,
        null,
        null,
        null,
        null,
        1,
        null,
        null,
        null,
        null,
        null,
        null,
        null,
        null,
        null,
        null,
        null,
        null,
        null,
        null,
        null,
        null,
        null,
        null,
        null,
        null,
        null,
        null,
        null,
        null,
        null,
        null,
        null,
        null,
        null,
        null,
        null,
        null,
        null,
        null,
        null,
        null,
        null,
        null,
        null,
        null,
        null,
        null,
        null,
        null,
        null,
        null,
        null,
        null,
        null,
        null,
        null,
        null,
        null,
        null,
        null,
        null,
        null,
        null,
        null,
        null,
        null,
        null,
        null,
        null,
        null,
        null,
        null,
        null,
        null,
        null,
        null,
        null,
        null,
        null,
        null,
        null,
        null,
        null,
        null,
        null,
        null,
        null,
        null,
        null,
        null,
        null,
        null,
        null,
        null,
        null,
        null,
        null,
        null,
        null,
        null,
        null,
        null,
        null,
        null,
        null,
        null,
        null,
        null,
        null,
        null,
        null,
        null,
        null,
        null,
        null,
        null,
        null,
        null,
        null,
        null,
        null,
        null,
        null,
        null,
        null,
        null,
        null,
        null,
        null,
        null,
        null,
        null,
        null,
        null,
        null,
        null,
        null,
        null,
        null,
        null,
        null,
        null,
        null,
        null,
        null,
        null,
        null,
        null,
        null,
        null,
        null,
        null,
        null,
        null,
        null,
        null,
        null,
        null,
        null,
        null,
        null,
        null,
        null,
        null,
        null,
        null,
        null,
        null,
        null,
        null,
        null,
        null,
        null,
        null,
        null,
        null,
        null,
        null,
        null,
        null,
        null,
        null,
        null,
        null,
        null,
        null,
        null,
        null,
        null,
        null,
        null,
        null,
        null,
        null,
        null,
        null,
        null,
        null,
        null,
        null,
        null,
        null,
        null,
        null,
        null,
        null,
        null,
        null,
        null,
        null,
        null,
        null,
        null,
        null,
        null,
        null,
        null,
        null,
        null,
        null,
        null,
        null,
        null,
        null,
        null,
        null,
        null,
        null,
        null,
        null,
        null,
        null,
        null,
        null,
        null,
        null,
        null,
        null,
        null,
        null,
        null,
        null,
        null,
        null,
        null,
        null,
        null,
        null,
        null,
        null,
        null,
        null,
        null,
        null,
        null,
        null,
        null,
        null,
        null,
        null,
        null,
        null,
        null,
        null,
        null,
        null,
        null,
        null,
        null,
        null,
        null,
        null,
        null,
        null,
        null,
        null,
        null,
        null,
        null,
        null,
        null,
        null,
        null,
        null,
        null,
        1,
        null
      ],
      "D:/TALLER DE GRADO/PROYECTO DE GRADO Oficial - copia/servicioweb/config/initializers/wrap_parameters.rb": [
        null,
        null,
        null,
        null,
        null,
        null,
        1,
        1,
        null,
        null,
        null,
        null,
        null,
        null
      ],
      "D:/TALLER DE GRADO/PROYECTO DE GRADO Oficial - copia/servicioweb/spec/factories/comentarioaclientes.rb": [
        1,
        1,
        1,
        1,
        1,
        null,
        null,
        null,
        null,
        null
      ],
      "D:/TALLER DE GRADO/PROYECTO DE GRADO Oficial - copia/servicioweb/spec/factories/comentarioatrabajadors.rb": [
        1,
        1,
        null,
        1,
        1,
        1,
        1,
        null,
        null,
        null,
        1,
        null,
        1,
        1,
        1,
        1,
        null,
        null,
        null,
        null
      ],
      "D:/TALLER DE GRADO/PROYECTO DE GRADO Oficial - copia/servicioweb/app/models/comentarioatrabajador.rb": [
        1,
        null
      ],
      "D:/TALLER DE GRADO/PROYECTO DE GRADO Oficial - copia/servicioweb/spec/factories/conexionescelular.rb": [
        null,
        null,
        1,
        null,
        1,
        1,
        1,
        1,
        1,
        1,
        1,
        null,
        null,
        null,
        null,
        null,
        null,
        null,
        null,
        null,
        null,
        null
      ],
      "D:/TALLER DE GRADO/PROYECTO DE GRADO Oficial - copia/servicioweb/spec/factories/perfiltrabajadors.rb": [
        1,
        null,
        1,
        1,
        1,
        1,
        1,
        1,
        null,
        null,
        1,
        1,
        1,
        1,
        1,
        1,
        null,
        null,
        1,
        1,
        1,
        1,
        1,
        1,
        null,
        null,
        1,
        1,
        1,
        1,
        1,
        1,
        null,
        null,
        1,
        1,
        1,
        1,
        1,
        1,
        null,
        null,
        1,
        1,
        1,
        1,
        1,
        1,
        null,
        null,
        1,
        1,
        1,
        1,
        1,
        1,
        null,
        null,
        null
      ],
      "D:/TALLER DE GRADO/PROYECTO DE GRADO Oficial - copia/servicioweb/app/models/perfiltrabajador.rb": [
        1,
        null,
        null,
        null
      ],
      "D:/TALLER DE GRADO/PROYECTO DE GRADO Oficial - copia/servicioweb/spec/factories/puntuacions.rb": [
        1,
        1,
        null,
        null,
        null,
        null
      ],
      "D:/TALLER DE GRADO/PROYECTO DE GRADO Oficial - copia/servicioweb/spec/factories/solicitudtrabajo.rb": [
        null,
        1,
        null,
        1,
        1,
        1,
        1,
        1,
        null,
        null,
        1,
        1,
        1,
        1,
        1,
        1,
        null,
        null,
        1,
        1,
        1,
        1,
        1,
        1,
        null,
        null,
        1,
        1,
        1,
        1,
        1,
        1,
        null,
        null,
        null
      ],
      "D:/TALLER DE GRADO/PROYECTO DE GRADO Oficial - copia/servicioweb/app/models/solicitudtrabajo.rb": [
        1,
        null,
        null,
        null,
        null
      ],
      "D:/TALLER DE GRADO/PROYECTO DE GRADO Oficial - copia/servicioweb/spec/factories/tipotrabajo.rb": [
        1,
        1,
        1,
        1,
        1,
        null,
        null,
        1,
        1,
        1,
        1,
        null,
        null,
        null
      ],
      "D:/TALLER DE GRADO/PROYECTO DE GRADO Oficial - copia/servicioweb/app/models/tipotrabajo.rb": [
        1,
        null
      ],
      "D:/TALLER DE GRADO/PROYECTO DE GRADO Oficial - copia/servicioweb/spec/factories/trabajo.rb": [
        null,
        1,
        null,
        1,
        1,
        1,
        1,
        1,
        1,
        1,
        1,
        1,
        1,
        1,
        null,
        null,
        1,
        1,
        1,
        1,
        1,
        1,
        1,
        1,
        1,
        1,
        1,
        null,
        null,
        1,
        1,
        1,
        1,
        1,
        1,
        1,
        1,
        1,
        1,
        1,
        null,
        null,
        1,
        1,
        1,
        1,
        1,
        1,
        1,
        1,
        1,
        1,
        1,
        null,
        null,
        1,
        1,
        1,
        1,
        1,
        1,
        1,
        1,
        1,
        1,
        1,
        null,
        null,
        1,
        1,
        1,
        1,
        1,
        1,
        1,
        1,
        1,
        1,
        1,
        null,
        null,
        null,
        null,
        null,
        null,
        null,
        null,
        null,
        null,
        null
      ],
      "D:/TALLER DE GRADO/PROYECTO DE GRADO Oficial - copia/servicioweb/app/models/trabajo.rb": [
        1,
        null
      ],
      "D:/TALLER DE GRADO/PROYECTO DE GRADO Oficial - copia/servicioweb/spec/factories/user.rb": [
        1,
        null,
        1,
        1,
        1,
        1,
        1,
        1,
        1,
        1,
        1,
        1,
        1,
        1,
        24,
        null,
        null,
        1,
        1,
        1,
        1,
        1,
        1,
        1,
        1,
        1,
        1,
        1,
        1,
        12,
        null,
        null,
        1,
        1,
        1,
        1,
        1,
        1,
        1,
        1,
        1,
        1,
        1,
        1,
        11,
        null,
        null,
        1,
        1,
        1,
        1,
        1,
        1,
        1,
        1,
        1,
        1,
        1,
        1,
        11,
        null,
        null,
        1,
        1,
        1,
        1,
        1,
        1,
        1,
        1,
        1,
        1,
        1,
        1,
        11,
        null,
        null,
        1,
        1,
        1,
        1,
        1,
        1,
        1,
        1,
        1,
        1,
        1,
        1,
        11,
        null,
        null,
        null,
        null,
        null,
        null,
        null,
        null,
        null,
        null,
        null
      ],
      "D:/TALLER DE GRADO/PROYECTO DE GRADO Oficial - copia/servicioweb/app/models/user.rb": [
        1,
        1,
        null,
        1,
        1,
        1,
        1,
        null,
        1,
        13,
        null,
        null,
        null
      ],
      "D:/TALLER DE GRADO/PROYECTO DE GRADO Oficial - copia/servicioweb/config/routes.rb": [
        1,
        null,
        1,
        1,
        null,
        1,
        1,
        1,
        null,
        1,
        1,
        1,
        1,
        1,
        1,
        null,
        1,
        1,
        1,
        1,
        null,
        1,
        null,
        1,
        null,
        1,
        1,
        1,
        1,
        null,
        1,
        1,
        1,
        1,
        null,
        null,
        null,
        null,
        null,
        null,
        null,
        null,
        null,
        null,
        null,
        null,
        null,
        null,
        null,
        null,
        null,
        null,
        null,
        null,
        null,
        null,
        null,
        null,
        null,
        null,
        null,
        null,
        null,
        null,
        null,
        null,
        null,
        null,
        null,
        null,
        null,
        null,
        null,
        null,
        null,
        null,
        null,
        null,
        null,
        null,
        null,
        null,
        null,
        null,
        null,
        null,
        null,
        null,
        null,
        null,
        null,
        null
      ],
      "D:/TALLER DE GRADO/PROYECTO DE GRADO Oficial - copia/servicioweb/app/helpers/application_helper.rb": [
        1,
        null
      ],
      "D:/TALLER DE GRADO/PROYECTO DE GRADO Oficial - copia/servicioweb/app/helpers/comentario_helper.rb": [
        1,
        null
      ],
      "D:/TALLER DE GRADO/PROYECTO DE GRADO Oficial - copia/servicioweb/app/helpers/peticion_helper.rb": [
        1,
        null
      ],
      "D:/TALLER DE GRADO/PROYECTO DE GRADO Oficial - copia/servicioweb/app/helpers/puntage_helper.rb": [
        1,
        null
      ],
      "D:/TALLER DE GRADO/PROYECTO DE GRADO Oficial - copia/servicioweb/app/helpers/session_helper.rb": [
        1,
        null
      ],
      "D:/TALLER DE GRADO/PROYECTO DE GRADO Oficial - copia/servicioweb/app/helpers/trabajo_helper.rb": [
        1,
        null
      ],
      "D:/TALLER DE GRADO/PROYECTO DE GRADO Oficial - copia/servicioweb/app/helpers/usuario_helper.rb": [
        1,
        null
      ],
      "D:/TALLER DE GRADO/PROYECTO DE GRADO Oficial - copia/servicioweb/app/controllers/comentario_controller.rb": [
        1,
        null,
        1,
        4,
        4,
        4,
        4,
        4,
        4,
        4,
        4,
        4,
        null,
        0,
        null,
        4,
        4,
        8,
        4,
        null,
        null,
        null,
        1,
        4,
        4,
        4,
        4,
        4,
        4,
        4,
        4,
        4,
        null,
        0,
        null,
        4,
        4,
        8,
        4,
        null,
        null,
        null,
        1,
        1,
        1,
        2,
        1,
        null,
        null,
        null,
        1,
        1,
        1,
        2,
        1,
        null,
        null,
        null,
        null,
        null
      ],
      "D:/TALLER DE GRADO/PROYECTO DE GRADO Oficial - copia/servicioweb/app/controllers/application_controller.rb": [
        1,
        null,
        null,
        1,
        1,
        null,
        1,
        null,
        1,
        50,
        null,
        null
      ],
      "D:/TALLER DE GRADO/PROYECTO DE GRADO Oficial - copia/servicioweb/spec/controllers/peticion_controller_spec.rb": [
        1,
        null,
        1,
        null,
        1,
        null,
        1,
        1,
        1,
        1,
        1,
        null,
        1,
        null,
        null,
        1,
        1,
        1,
        1,
        1,
        1,
        null,
        1,
        1,
        1,
        null,
        null,
        1,
        1,
        1,
        1,
        1,
        1,
        1,
        1,
        1,
        1,
        null,
        null,
        1,
        1,
        1,
        1,
        1,
        1,
        1,
        1,
        1,
        1,
        null,
        null,
        null,
        null,
        null,
        null,
        1,
        null,
        1,
        1,
        1,
        1,
        1,
        null,
        1,
        null,
        null,
        1,
        1,
        1,
        1,
        1,
        1,
        1,
        1,
        null,
        null,
        1,
        1,
        1,
        null,
        1,
        null,
        null,
        null,
        null,
        null,
        1,
        null,
        1,
        1,
        1,
        1,
        1,
        1,
        1,
        1,
        1,
        1,
        1,
        1,
        1,
        null,
        null,
        null,
        null,
        null,
        null,
        null,
        null
      ],
      "D:/TALLER DE GRADO/PROYECTO DE GRADO Oficial - copia/servicioweb/app/controllers/peticion_controller.rb": [
        1,
        null,
        1,
        2,
        2,
        2,
        2,
        2,
        2,
        2,
        1,
        1,
        1,
        null,
        null,
        0,
        null,
        2,
        2,
        4,
        2,
        null,
        null,
        null,
        1,
        3,
        3,
        2,
        2,
        2,
        2,
        2,
        2,
        2,
        2,
        null,
        0,
        null,
        null,
        1,
        null,
        3,
        6,
        3,
        null,
        null,
        null,
        1,
        2,
        2,
        2,
        2,
        2,
        1,
        null,
        2,
        null,
        2,
        4,
        2,
        null,
        null,
        null,
        1,
        1,
        1,
        1,
        1,
        1,
        1,
        0,
        0,
        null,
        0,
        null,
        null,
        1,
        null,
        1,
        null,
        1,
        2,
        1,
        null,
        null,
        null,
        null
      ],
      "D:/TALLER DE GRADO/PROYECTO DE GRADO Oficial - copia/servicioweb/spec/controllers/puntage_controller_spec.rb": [
        1,
        null,
        1,
        null,
        1,
        null,
        1,
        1,
        1,
        1,
        1,
        1,
        null,
        1,
        null,
        null,
        null,
        1,
        1,
        1,
        1,
        1,
        1,
        null,
        1,
        null,
        1,
        1,
        1,
        1,
        null,
        1,
        null,
        1,
        1,
        1,
        1,
        null,
        1,
        null,
        null,
        null,
        null,
        null
      ],
      "D:/TALLER DE GRADO/PROYECTO DE GRADO Oficial - copia/servicioweb/app/controllers/puntage_controller.rb": [
        1,
        null,
        1,
        4,
        4,
        4,
        4,
        4,
        4,
        4,
        4,
        4,
        4,
        4,
        null,
        0,
        null,
        4,
        4,
        8,
        4,
        null,
        null,
        null,
        null,
        null,
        1,
        null,
        1,
        4,
        4,
        4,
        4,
        4,
        7,
        null,
        4,
        null,
        4,
        null,
        null,
        null,
        null
      ],
      "D:/TALLER DE GRADO/PROYECTO DE GRADO Oficial - copia/servicioweb/spec/controllers/session_controller_spec.rb": [
        1,
        null,
        null,
        null,
        1,
        null,
        1,
        1,
        1,
        null,
        null,
        null,
        1,
        null,
        null,
        1,
        null,
        null,
        null,
        1,
        1,
        null,
        null,
        null,
        1,
        1,
        1,
        null,
        null,
        1,
        1,
        1,
        1,
        null,
        1,
        1,
        null,
        1,
        1,
        1,
        null,
        null,
        null,
        null,
        1,
        1,
        1,
        1,
        1,
        1,
        null,
        1,
        1,
        null,
        1,
        null,
        null,
        1,
        1,
        1,
        1,
        1,
        null,
        1,
        1,
        null,
        1,
        null,
        null,
        1,
        1,
        1,
        1,
        1,
        null,
        1,
        1,
        null,
        1,
        null,
        null,
        null,
        null
      ],
      "D:/TALLER DE GRADO/PROYECTO DE GRADO Oficial - copia/servicioweb/app/controllers/session_controller.rb": [
        1,
        null,
        1,
        2,
        2,
        2,
        2,
        2,
        2,
        1,
        1,
        1,
        1,
        1,
        1,
        1,
        1,
        1,
        1,
        1,
        null,
        0,
        0,
        0,
        null,
        1,
        null,
        1,
        null,
        2,
        2,
        2,
        4,
        2,
        null,
        null,
        null,
        1,
        3,
        3,
        null,
        2,
        2,
        null,
        2,
        1,
        1,
        1,
        1,
        null,
        1,
        null,
        null,
        null,
        1,
        null,
        3,
        3,
        3,
        6,
        3,
        null,
        null,
        null,
        1,
        0,
        0,
        0,
        null,
        0,
        null,
        0,
        0,
        0,
        0,
        0,
        null,
        null,
        null,
        null
      ],
      "D:/TALLER DE GRADO/PROYECTO DE GRADO Oficial - copia/servicioweb/spec/controllers/trabajo_controller_spec.rb": [
        1,
        null,
        1,
        null,
        1,
        1,
        1,
        1,
        1,
        1,
        1,
        null,
        1,
        null,
        null,
        null,
        null,
        null,
        null,
        1,
        null,
        1,
        1,
        1,
        1,
        1,
        null,
        1,
        null,
        null,
        1,
        1,
        1,
        1,
        1,
        1,
        1,
        null,
        1,
        null,
        null,
        1,
        1,
        1,
        1,
        1,
        1,
        1,
        1,
        1,
        null,
        1,
        null,
        null,
        null,
        null,
        null,
        null,
        1,
        1,
        1,
        1,
        1,
        1,
        null,
        1,
        null,
        null,
        1,
        1,
        1,
        1,
        1,
        1,
        1,
        null,
        1,
        null,
        null,
        1,
        1,
        1,
        1,
        1,
        1,
        1,
        1,
        1,
        1,
        1,
        null,
        1,
        null,
        null,
        null,
        null,
        1,
        null,
        1,
        1,
        1,
        1,
        1,
        1,
        null,
        1,
        null,
        null,
        null,
        null,
        null,
        1,
        null,
        1,
        1,
        1,
        1,
        1,
        1,
        null,
        null,
        1,
        1,
        1,
        1,
        null,
        1,
        null,
        null,
        1,
        1,
        1,
        1,
        1,
        1,
        1,
        1,
        null,
        1,
        null,
        null,
        null,
        null,
        null,
        null,
        null
      ],
      "D:/TALLER DE GRADO/PROYECTO DE GRADO Oficial - copia/servicioweb/app/controllers/trabajo_controller.rb": [
        1,
        null,
        null,
        null,
        1,
        1,
        1,
        1,
        1,
        1,
        1,
        1,
        1,
        1,
        1,
        1,
        1,
        1,
        1,
        1,
        null,
        0,
        null,
        1,
        2,
        1,
        null,
        null,
        null,
        null,
        1,
        3,
        3,
        6,
        3,
        null,
        null,
        null,
        null,
        1,
        3,
        3,
        6,
        3,
        null,
        null,
        null,
        null,
        1,
        1,
        1,
        1,
        1,
        2,
        1,
        null,
        null,
        null,
        1,
        1,
        1,
        2,
        1,
        null,
        null,
        null,
        null,
        1,
        1,
        1,
        1,
        1,
        1,
        null,
        0,
        null,
        1,
        2,
        1,
        null,
        null,
        null,
        null,
        1,
        0,
        0,
        0,
        0,
        null,
        null,
        null,
        1,
        null,
        1,
        1,
        1,
        1,
        null,
        null,
        1,
        0,
        0,
        0,
        null,
        null,
        null
      ],
      "D:/TALLER DE GRADO/PROYECTO DE GRADO Oficial - copia/servicioweb/spec/controllers/usuario_controller_spec.rb": [
        1,
        null,
        1,
        null,
        1,
        1,
        1,
        1,
        1,
        1,
        1,
        1,
        null,
        1,
        1,
        null,
        null,
        1,
        1,
        null,
        1,
        1,
        1,
        1,
        1,
        null,
        null,
        1,
        null,
        null,
        1,
        null,
        1,
        null,
        1,
        1,
        1,
        1,
        1,
        null,
        null,
        1,
        null,
        null,
        null,
        null,
        null,
        null,
        null,
        1,
        null,
        1,
        1,
        1,
        null,
        1,
        1,
        1,
        null,
        null,
        1,
        null,
        null,
        1,
        1,
        1,
        1,
        null,
        1,
        1,
        1,
        null,
        null,
        1,
        null,
        null,
        null,
        null,
        null,
        null,
        null,
        1,
        1,
        1,
        1,
        1,
        1,
        1,
        1,
        1,
        1,
        1,
        1,
        1,
        1,
        1,
        1,
        1,
        1,
        1,
        null,
        1,
        null,
        null,
        1,
        1,
        1,
        1,
        1,
        1,
        1,
        1,
        1,
        1,
        1,
        1,
        1,
        1,
        null,
        1,
        1,
        1,
        1,
        1,
        1,
        1,
        null,
        null,
        1,
        1,
        1,
        1,
        1,
        1,
        1,
        1,
        1,
        1,
        1,
        null,
        1,
        1,
        null,
        null,
        1,
        1,
        1,
        1,
        1,
        1,
        1,
        1,
        1,
        1,
        1,
        1,
        null,
        1,
        1,
        null,
        null,
        null,
        null,
        null,
        null,
        null,
        1,
        1,
        1,
        1,
        1,
        1,
        1,
        1,
        1,
        1,
        1,
        1,
        1,
        null,
        1,
        1,
        1,
        1,
        null,
        null,
        1,
        1,
        1,
        1,
        1,
        1,
        1,
        1,
        1,
        1,
        1,
        null,
        1,
        1,
        null,
        null,
        null,
        null,
        null
      ],
      "D:/TALLER DE GRADO/PROYECTO DE GRADO Oficial - copia/servicioweb/app/controllers/usuario_controller.rb": [
        1,
        null,
        1,
        5,
        5,
        4,
        3,
        3,
        3,
        3,
        3,
        3,
        3,
        3,
        3,
        3,
        3,
        3,
        3,
        3,
        3,
        null,
        0,
        null,
        null,
        1,
        null,
        null,
        1,
        null,
        5,
        5,
        5,
        10,
        5,
        null,
        null,
        null,
        1,
        2,
        2,
        1,
        1,
        1,
        null,
        null,
        2,
        2,
        1,
        1,
        1,
        1,
        1,
        null,
        0,
        null,
        null,
        1,
        null,
        2,
        2,
        2,
        4,
        2,
        null,
        null,
        null,
        1,
        1,
        1,
        1,
        4,
        null,
        1,
        2,
        1,
        null,
        null,
        null,
        1,
        3,
        3,
        3,
        3,
        3,
        3,
        3,
        3,
        2,
        2,
        2,
        1,
        1,
        2,
        null,
        1,
        null,
        2,
        0,
        null,
        null,
        3,
        3,
        3,
        6,
        3,
        null,
        null,
        null,
        1,
        2,
        2,
        2,
        2,
        2,
        1,
        1,
        1,
        null,
        1,
        null,
        2,
        2,
        2,
        4,
        2,
        null,
        null,
        null,
        1,
        0,
        0,
        0,
        0,
        0,
        0,
        null,
        null,
        null,
        1,
        null,
        1,
        3,
        3,
        3,
        null,
        null,
        1,
        3,
        3,
        2,
        2,
        2,
        2,
        2,
        2,
        null,
        null,
        null,
        null,
        null
      ],
      "D:/TALLER DE GRADO/PROYECTO DE GRADO Oficial - copia/servicioweb/spec/helpers/comentario_helper_spec.rb": [
        1,
        null,
        null,
        null,
        null,
        null,
        null,
        null,
        null,
        null,
        null,
        null,
        1,
        1,
        null
      ],
      "D:/TALLER DE GRADO/PROYECTO DE GRADO Oficial - copia/servicioweb/spec/helpers/peticion_helper_spec.rb": [
        1,
        null,
        null,
        null,
        null,
        null,
        null,
        null,
        null,
        null,
        null,
        null,
        1,
        1,
        null
      ],
      "D:/TALLER DE GRADO/PROYECTO DE GRADO Oficial - copia/servicioweb/spec/helpers/puntage_helper_spec.rb": [
        1,
        null,
        null,
        null,
        null,
        null,
        null,
        null,
        null,
        null,
        null,
        null,
        1,
        1,
        null
      ],
      "D:/TALLER DE GRADO/PROYECTO DE GRADO Oficial - copia/servicioweb/spec/helpers/trabajo_helper_spec.rb": [
        1,
        null,
        null,
        null,
        null,
        null,
        null,
        null,
        null,
        null,
        null,
        null,
        1,
        1,
        null
      ],
      "D:/TALLER DE GRADO/PROYECTO DE GRADO Oficial - copia/servicioweb/spec/models/Generadortoken_spec.rb": [
        1,
        null,
        1,
        null,
        1,
        1,
        1,
        1,
        1,
        null,
        null,
        1,
        1,
        1,
        1,
        null,
        null,
        null,
        1,
        1,
        1,
        1,
        1,
        null,
        null,
        null,
        1,
        1,
        1,
        1,
        1,
        1,
        null,
        null,
        null,
        null
      ],
      "D:/TALLER DE GRADO/PROYECTO DE GRADO Oficial - copia/servicioweb/app/models/generadortoken.rb": [
        1,
        null,
        1,
        7,
        7,
        7,
        null,
        null,
        1,
        3,
        3,
        3,
        null,
        null,
        1,
        5,
        5,
        5,
        5,
        null,
        5,
        5,
        5,
        0,
        null,
        5,
        14,
        null,
        5,
        null,
        5,
        null,
        null,
        1,
        12,
        12,
        42,
        null,
        12,
        null,
        null,
        1,
        4,
        4,
        4,
        4,
        200,
        200,
        200,
        200,
        59,
        null,
        200,
        200,
        null,
        4,
        null,
        null,
        null
      ],
      "D:/TALLER DE GRADO/PROYECTO DE GRADO Oficial - copia/servicioweb/spec/models/comentarioacliente_spec.rb": [
        1,
        null,
        1,
        1,
        null
      ],
      "D:/TALLER DE GRADO/PROYECTO DE GRADO Oficial - copia/servicioweb/app/models/comentarioacliente.rb": [
        1,
        null
      ],
      "D:/TALLER DE GRADO/PROYECTO DE GRADO Oficial - copia/servicioweb/spec/models/comentarioatrabajador_spec.rb": [
        1,
        null,
        1,
        1,
        null
      ],
      "D:/TALLER DE GRADO/PROYECTO DE GRADO Oficial - copia/servicioweb/spec/models/conexione_spec.rb": [
        1,
        null,
        1,
        1,
        null
      ],
      "D:/TALLER DE GRADO/PROYECTO DE GRADO Oficial - copia/servicioweb/app/models/conexione.rb": [
        1,
        null
      ],
      "D:/TALLER DE GRADO/PROYECTO DE GRADO Oficial - copia/servicioweb/spec/models/conexionescelular_spec.rb": [
        1,
        null,
        1,
        1,
        null
      ],
      "D:/TALLER DE GRADO/PROYECTO DE GRADO Oficial - copia/servicioweb/app/models/conexionescelular.rb": [
        1,
        null
      ],
      "D:/TALLER DE GRADO/PROYECTO DE GRADO Oficial - copia/servicioweb/spec/models/perfiltrabajador_spec.rb": [
        1,
        null,
        1,
        1,
        null
      ],
      "D:/TALLER DE GRADO/PROYECTO DE GRADO Oficial - copia/servicioweb/spec/models/puntuacion_spec.rb": [
        1,
        null,
        1,
        1,
        null
      ],
      "D:/TALLER DE GRADO/PROYECTO DE GRADO Oficial - copia/servicioweb/app/models/puntuacion.rb": [
        1,
        null
      ],
      "D:/TALLER DE GRADO/PROYECTO DE GRADO Oficial - copia/servicioweb/spec/models/solicitudtrabajo_spec.rb": [
        1,
        null,
        1,
        1,
        null
      ],
      "D:/TALLER DE GRADO/PROYECTO DE GRADO Oficial - copia/servicioweb/spec/models/user_spec.rb": [
        1,
        null,
        1,
        1,
        null
      ]
    },
    "timestamp": 1468470699
  }
}
